<?xml version="1.0" encoding="UTF-8"?>
<!-- Generated by org.testng.reporters.JUnitXMLReporter -->
<testsuite hostname="LAPTOP-MB62TP2B" ignored="1" name="Test" tests="2" failures="0" timestamp="2020-08-24T22:12:12 IST" time="40.46" errors="0">
  <testcase name="loginSearchContent" time="27.581" classname="com.scripts.LoginGmail"/>
  <testcase name="createExcel" time="1.756" classname="com.scripts.WriteContent"/>
  <testcase name="@BeforeTest OpenGmail" time="0.0" classname="com.scripts.OpenBrowser">
    <ignored/>
  </testcase> <!-- @BeforeTest OpenGmail -->
</testsuite> <!-- Test -->
