<?xml version="1.0" encoding="UTF-8"?>
<testng-results skipped="0" failed="0" ignored="1" total="3" passed="2">
  <reporter-output>
  </reporter-output>
  <suite name="Suite" duration-ms="40460" started-at="2020-08-24T22:11:31 IST" finished-at="2020-08-24T22:12:12 IST">
    <groups>
    </groups>
    <test name="Test" duration-ms="40460" started-at="2020-08-24T22:11:31 IST" finished-at="2020-08-24T22:12:12 IST">
      <class name="com.scripts.LoginGmail">
        <test-method status="PASS" signature="loginSearchContent()[pri:0, instance:com.scripts.LoginGmail@184f6be2]" name="loginSearchContent" duration-ms="27581" started-at="2020-08-24T22:11:42 IST" finished-at="2020-08-24T22:12:10 IST">
          <reporter-output>
          </reporter-output>
        </test-method> <!-- loginSearchContent -->
      </class> <!-- com.scripts.LoginGmail -->
      <class name="com.scripts.OpenBrowser">
        <test-method status="PASS" signature="OpenGmail()[pri:0, instance:com.scripts.OpenBrowser@6895a785]" name="OpenGmail" is-config="true" duration-ms="11040" started-at="2020-08-24T22:11:31 IST" finished-at="2020-08-24T22:11:42 IST">
          <reporter-output>
          </reporter-output>
        </test-method> <!-- OpenGmail -->
      </class> <!-- com.scripts.OpenBrowser -->
      <class name="com.scripts.WriteContent">
        <test-method status="PASS" signature="createExcel()[pri:0, instance:com.scripts.WriteContent@56aac163]" name="createExcel" duration-ms="1756" started-at="2020-08-24T22:12:10 IST" finished-at="2020-08-24T22:12:12 IST">
          <reporter-output>
          </reporter-output>
        </test-method> <!-- createExcel -->
      </class> <!-- com.scripts.WriteContent -->
    </test> <!-- Test -->
  </suite> <!-- Suite -->
</testng-results>
